-------------------------------------------------------------------------------
Test set: com.lms.backend.application.board.BoardServiceTest
-------------------------------------------------------------------------------
Tests run: 7, Failures: 0, Errors: 2, Skipped: 0, Time elapsed: 0.908 s <<< FAILURE! - in com.lms.backend.application.board.BoardServiceTest
getQnAPosts_shouldReturnPagedPosts  Time elapsed: 0.015 s  <<< ERROR!
java.lang.IllegalArgumentException: 사용자를 찾을 수 없습니다.
	at com.lms.backend.application.board.BoardServiceTest.getQnAPosts_shouldReturnPagedPosts(BoardServiceTest.java:88)

getQnAPosts_withKeyword_shouldReturnFilteredPosts  Time elapsed: 0.003 s  <<< ERROR!
java.lang.IllegalArgumentException: 사용자를 찾을 수 없습니다.
	at com.lms.backend.application.board.BoardServiceTest.getQnAPosts_withKeyword_shouldReturnFilteredPosts(BoardServiceTest.java:110)

